2018-Feb-13 17:25:39.562 INFO  [restartedMain] c.t.t.HelloworldApplication - Starting HelloworldApplication on INBASDLP01802 with PID 1892 (C:\Users\ST00342171\Downloads\spring-boot-swagger-master\target\classes started by ST00342171 in C:\Users\ST00342171\Downloads\spring-boot-swagger-master)
2018-Feb-13 17:25:39.563 INFO  [restartedMain] c.t.t.HelloworldApplication - No active profile set, falling back to default profiles: default
2018-Feb-13 17:25:39.570 INFO  [restartedMain] o.s.b.c.e.AnnotationConfigEmbeddedWebApplicationContext - Refreshing org.springframework.boot.context.embedded.AnnotationConfigEmbeddedWebApplicationContext@60c96975: startup date [Tue Feb 13 17:25:39 IST 2018]; root of context hierarchy
2018-Feb-13 17:25:41.428 INFO  [restartedMain] o.s.b.c.e.t.TomcatEmbeddedServletContainer - Tomcat initialized with port(s): 8080 (http)
2018-Feb-13 17:25:41.430 INFO  [restartedMain] o.a.c.c.StandardService - Starting service [Tomcat]
2018-Feb-13 17:25:41.431 INFO  [restartedMain] o.a.c.c.StandardEngine - Starting Servlet Engine: Apache Tomcat/8.5.16
2018-Feb-13 17:25:41.476 INFO  [localhost-startStop-1] o.a.c.c.C.[.[.[/] - Initializing Spring embedded WebApplicationContext
2018-Feb-13 17:25:41.478 INFO  [localhost-startStop-1] o.s.w.c.ContextLoader - Root WebApplicationContext: initialization completed in 1908 ms
2018-Feb-13 17:25:41.517 INFO  [localhost-startStop-1] o.s.b.w.s.ServletRegistrationBean - Mapping servlet: 'dispatcherServlet' to [/]
2018-Feb-13 17:25:41.518 INFO  [localhost-startStop-1] o.s.b.w.s.FilterRegistrationBean - Mapping filter: 'characterEncodingFilter' to: [/*]
2018-Feb-13 17:25:41.797 INFO  [restartedMain] o.s.w.s.m.m.a.RequestMappingHandlerMapping - Mapped "{[/transport/1.0/boardpoints/{id}],methods=[GET]}" onto public org.springframework.http.ResponseEntity<com.techm.transport.entity.BoardingPoint> com.techm.transport.controllers.BoardingPointController.getBoardingPoint(java.lang.Integer)
2018-Feb-13 17:25:41.798 INFO  [restartedMain] o.s.w.s.m.m.a.RequestMappingHandlerMapping - Mapped "{[/transport/1.0/boardpoints/{name}],methods=[POST]}" onto public org.springframework.http.ResponseEntity<java.lang.Void> com.techm.transport.controllers.BoardingPointController.addBoardingPoint(java.lang.String,org.springframework.web.util.UriComponentsBuilder)
2018-Feb-13 17:25:41.798 INFO  [restartedMain] o.s.w.s.m.m.a.RequestMappingHandlerMapping - Mapped "{[/transport/1.0/boardpoints],methods=[GET]}" onto public org.springframework.http.ResponseEntity<java.util.List<com.techm.transport.entity.BoardingPoint>> com.techm.transport.controllers.BoardingPointController.getAllBoardingPoint()
2018-Feb-13 17:25:41.800 INFO  [restartedMain] o.s.w.s.m.m.a.RequestMappingHandlerMapping - Mapped "{[/transport/1.0/cities],methods=[GET]}" onto public org.springframework.http.ResponseEntity<java.util.List<com.techm.transport.entity.City>> com.techm.transport.controllers.CityController.getAllCities()
2018-Feb-13 17:25:41.801 INFO  [restartedMain] o.s.w.s.m.m.a.RequestMappingHandlerMapping - Mapped "{[/transport/1.0/cities/{id}],methods=[GET]}" onto public org.springframework.http.ResponseEntity<com.techm.transport.entity.City> com.techm.transport.controllers.CityController.getCity(java.lang.Integer)
2018-Feb-13 17:25:41.801 INFO  [restartedMain] o.s.w.s.m.m.a.RequestMappingHandlerMapping - Mapped "{[/transport/1.0/cities/{cityId}/locs],methods=[GET]}" onto public org.springframework.http.ResponseEntity<com.techm.transport.entity.City> com.techm.transport.controllers.CityController.getLocsOfcity(java.lang.Integer)
2018-Feb-13 17:25:41.803 INFO  [restartedMain] o.s.w.s.m.m.a.RequestMappingHandlerMapping - Mapped "{[/api/hello/{name}],methods=[GET],produces=[application/json]}" onto public com.techm.transport.entity.Greeting com.techm.transport.controllers.HelloWorldController.message(java.lang.String)
2018-Feb-13 17:25:41.805 INFO  [restartedMain] o.s.w.s.m.m.a.RequestMappingHandlerMapping - Mapped "{[/transport/1.0/orgs/{id}],methods=[GET]}" onto public org.springframework.http.ResponseEntity<com.techm.transport.entity.Organization> com.techm.transport.controllers.OrganizationController.getOrganization(java.lang.Integer)
2018-Feb-13 17:25:41.806 INFO  [restartedMain] o.s.w.s.m.m.a.RequestMappingHandlerMapping - Mapped "{[/transport/1.0/orgs/{orgId}/cities/{cityName}],methods=[POST]}" onto public org.springframework.http.ResponseEntity<java.lang.Void> com.techm.transport.controllers.OrganizationController.addCity(java.lang.Integer,java.lang.String,org.springframework.web.util.UriComponentsBuilder)
2018-Feb-13 17:25:41.806 INFO  [restartedMain] o.s.w.s.m.m.a.RequestMappingHandlerMapping - Mapped "{[/transport/1.0/orgs/{orgName}],methods=[POST]}" onto public org.springframework.http.ResponseEntity<java.lang.Void> com.techm.transport.controllers.OrganizationController.addOrganization(java.lang.String,org.springframework.web.util.UriComponentsBuilder)
2018-Feb-13 17:25:41.807 INFO  [restartedMain] o.s.w.s.m.m.a.RequestMappingHandlerMapping - Mapped "{[/transport/1.0/orgs/{orgId}/cities],methods=[GET]}" onto public org.springframework.http.ResponseEntity<com.techm.transport.entity.Organization> com.techm.transport.controllers.OrganizationController.getCitiesOfOrg(java.lang.Integer)
2018-Feb-13 17:25:41.807 INFO  [restartedMain] o.s.w.s.m.m.a.RequestMappingHandlerMapping - Mapped "{[/transport/1.0/orgs],methods=[GET]}" onto public org.springframework.http.ResponseEntity<java.util.List<com.techm.transport.entity.Organization>> com.techm.transport.controllers.OrganizationController.getAllOrganization()
2018-Feb-13 17:25:41.809 INFO  [restartedMain] o.s.w.s.m.m.a.RequestMappingHandlerMapping - Mapped "{[/transport/1.0/routes],methods=[POST]}" onto public org.springframework.http.ResponseEntity<java.lang.Void> com.techm.transport.controllers.RouteController.addRoute(com.techm.transport.entity.Route,org.springframework.web.util.UriComponentsBuilder)
2018-Feb-13 17:25:41.810 INFO  [restartedMain] o.s.w.s.m.m.a.RequestMappingHandlerMapping - Mapped "{[/transport/1.0/routes],methods=[GET]}" onto public org.springframework.http.ResponseEntity<java.util.List<com.techm.transport.entity.Route>> com.techm.transport.controllers.RouteController.getAllRoute()
2018-Feb-13 17:25:41.810 INFO  [restartedMain] o.s.w.s.m.m.a.RequestMappingHandlerMapping - Mapped "{[/transport/1.0/routes/{id}],methods=[GET]}" onto public org.springframework.http.ResponseEntity<com.techm.transport.entity.Route> com.techm.transport.controllers.RouteController.getRouteBoardingPoints(java.lang.Integer)
2018-Feb-13 17:25:41.811 INFO  [restartedMain] o.s.w.s.m.m.a.RequestMappingHandlerMapping - Mapped "{[/transport/1.0/routes/{locId}/{journeytypeId}],methods=[GET]}" onto public org.springframework.http.ResponseEntity<java.util.List<com.techm.transport.entity.Route>> com.techm.transport.controllers.RouteController.getRouteBoardingPoint(java.lang.Integer,java.lang.Integer)
2018-Feb-13 17:25:41.814 INFO  [restartedMain] o.s.w.s.m.m.a.RequestMappingHandlerMapping - Mapped "{[/swagger-resources]}" onto public org.springframework.http.ResponseEntity<java.util.List<springfox.documentation.swagger.web.SwaggerResource>> springfox.documentation.swagger.web.ApiResourceController.swaggerResources()
2018-Feb-13 17:25:41.816 INFO  [restartedMain] o.s.w.s.m.m.a.RequestMappingHandlerMapping - Mapped "{[/swagger-resources/configuration/ui]}" onto public org.springframework.http.ResponseEntity<springfox.documentation.swagger.web.UiConfiguration> springfox.documentation.swagger.web.ApiResourceController.uiConfiguration()
2018-Feb-13 17:25:41.816 INFO  [restartedMain] o.s.w.s.m.m.a.RequestMappingHandlerMapping - Mapped "{[/swagger-resources/configuration/security]}" onto public org.springframework.http.ResponseEntity<springfox.documentation.swagger.web.SecurityConfiguration> springfox.documentation.swagger.web.ApiResourceController.securityConfiguration()
2018-Feb-13 17:25:41.819 INFO  [restartedMain] o.s.w.s.m.m.a.RequestMappingHandlerMapping - Mapped "{[/error]}" onto public org.springframework.http.ResponseEntity<java.util.Map<java.lang.String, java.lang.Object>> org.springframework.boot.autoconfigure.web.BasicErrorController.error(javax.servlet.http.HttpServletRequest)
2018-Feb-13 17:25:41.820 INFO  [restartedMain] o.s.w.s.m.m.a.RequestMappingHandlerMapping - Mapped "{[/error],produces=[text/html]}" onto public org.springframework.web.servlet.ModelAndView org.springframework.boot.autoconfigure.web.BasicErrorController.errorHtml(javax.servlet.http.HttpServletRequest,javax.servlet.http.HttpServletResponse)
2018-Feb-13 17:25:41.874 INFO  [restartedMain] o.s.w.s.h.SimpleUrlHandlerMapping - Mapped URL path [/swagger-ui.html] onto handler of type [class org.springframework.web.servlet.resource.ResourceHttpRequestHandler]
2018-Feb-13 17:25:41.875 INFO  [restartedMain] o.s.w.s.h.SimpleUrlHandlerMapping - Mapped URL path [/webjars/**] onto handler of type [class org.springframework.web.servlet.resource.ResourceHttpRequestHandler]
2018-Feb-13 17:25:41.912 INFO  [restartedMain] o.s.w.s.m.m.a.RequestMappingHandlerAdapter - Looking for @ControllerAdvice: org.springframework.boot.context.embedded.AnnotationConfigEmbeddedWebApplicationContext@60c96975: startup date [Tue Feb 13 17:25:39 IST 2018]; root of context hierarchy
2018-Feb-13 17:25:41.937 INFO  [restartedMain] o.s.w.s.m.m.a.ExceptionHandlerExceptionResolver - Detected @ExceptionHandler methods in customizedExceptionHandler
2018-Feb-13 17:25:41.949 INFO  [restartedMain] s.d.s.w.PropertySourcedRequestMappingHandlerMapping - Mapped URL path [/v2/api-docs] onto method [public org.springframework.http.ResponseEntity<springfox.documentation.spring.web.json.Json> springfox.documentation.swagger2.web.Swagger2Controller.getDocumentation(java.lang.String,javax.servlet.http.HttpServletRequest)]
2018-Feb-13 17:25:42.049 INFO  [restartedMain] o.s.b.d.a.OptionalLiveReloadServer - LiveReload server is running on port 35729
2018-Feb-13 17:25:42.111 INFO  [restartedMain] o.s.j.e.a.AnnotationMBeanExporter - Registering beans for JMX exposure on startup
2018-Feb-13 17:25:42.116 INFO  [restartedMain] o.s.c.s.DefaultLifecycleProcessor - Starting beans in phase 2147483647
2018-Feb-13 17:25:42.116 INFO  [restartedMain] s.d.s.w.p.DocumentationPluginsBootstrapper - Context refreshed
2018-Feb-13 17:25:42.117 INFO  [restartedMain] s.d.s.w.p.DocumentationPluginsBootstrapper - Found 1 custom documentation plugin(s)
2018-Feb-13 17:25:42.139 INFO  [restartedMain] s.d.s.w.s.ApiListingReferenceScanner - Scanning for api listing references
2018-Feb-13 17:25:42.341 INFO  [restartedMain] o.s.b.c.e.t.TomcatEmbeddedServletContainer - Tomcat started on port(s): 8080 (http)
2018-Feb-13 17:25:42.345 INFO  [restartedMain] c.t.t.HelloworldApplication - Started HelloworldApplication in 2.923 seconds (JVM running for 13499.741)
